f:\kinderriven\comport\comport\debug\vc120.pdb
f:\kinderriven\comport\comport\debug\sendthread.obj
f:\kinderriven\comport\comport\debug\recethread.obj
f:\kinderriven\comport\comport\debug\main.obj
f:\kinderriven\comport\comport\debug\moc_sendthread.obj
f:\kinderriven\comport\comport\debug\moc_recethread.obj
f:\kinderriven\comport\comport\debug\moc_comport.obj
f:\kinderriven\comport\comport\debug\comport.obj
f:\kinderriven\comport\comport\debug\qrc_comport.obj
f:\kinderriven\comport\comport\generatedfiles\debug\moc_comport.cpp
f:\kinderriven\comport\comport\generatedfiles\debug\moc_recethread.cpp
f:\kinderriven\comport\comport\generatedfiles\debug\moc_sendthread.cpp
f:\kinderriven\comport\comport\generatedfiles\qrc_comport.cpp
f:\kinderriven\comport\comport\generatedfiles\ui_comport.h
f:\kinderriven\comport\win32\debug\comport.pdb
f:\kinderriven\comport\comport\debug\comport.tlog\cl.command.1.tlog
f:\kinderriven\comport\comport\debug\comport.tlog\cl.read.1.tlog
f:\kinderriven\comport\comport\debug\comport.tlog\cl.write.1.tlog
f:\kinderriven\comport\comport\debug\comport.tlog\custombuild.command.1.tlog
f:\kinderriven\comport\comport\debug\comport.tlog\custombuild.read.1.tlog
f:\kinderriven\comport\comport\debug\comport.tlog\custombuild.write.1.tlog
f:\kinderriven\comport\comport\debug\comport.tlog\link.command.1.tlog
f:\kinderriven\comport\comport\debug\comport.tlog\link.read.1.tlog
f:\kinderriven\comport\comport\debug\comport.tlog\link.write.1.tlog
