Build started 2016/1/1 16:47:06.
     1>Project "F:\KinderRiven\comPort\comPort\comPort.vcxproj" on node 2 (Build target(s)).
     1>CustomBuild:
         Uic'ing comport.ui...
       ClCompile:
         F:\VS2013NEW\VC\bin\CL.exe /c /IF:\QT\QT5.4.2_32\5.4\msvc2013\include /I.\GeneratedFiles /I. /IF:\QT\QT5.4.2_32\5.4\msvc2013\include /I.\GeneratedFiles\Debug /IF:\QT\QT5.4.2_32\5.4\msvc2013\include\QtCore /IF:\QT\QT5.4.2_32\5.4\msvc2013\include\QtGui /IF:\QT\QT5.4.2_32\5.4\msvc2013\include\QtMultimedia /IF:\QT\QT5.4.2_32\5.4\msvc2013\include\QtMultimediaWidgets /IF:\QT\QT5.4.2_32\5.4\msvc2013\include\QtWidgets /Zi /nologo /W1 /WX- /Od /Oy- /D UNICODE /D WIN32 /D WIN64 /D QT_DLL /D QT_CORE_LIB /D QT_GUI_LIB /D QT_MULTIMEDIA_LIB /D QT_MULTIMEDIAWIDGETS_LIB /D QT_WIDGETS_LIB /Gm- /EHsc /MDd /GS /fp:precise /Zc:wchar_t /Zc:forScope /Fo"Debug\\" /Fd"Debug\vc120.pdb" /Gd /TP /analyze- /errorReport:prompt GeneratedFiles\Debug\moc_comport.cpp GeneratedFiles\Debug\moc_receThread.cpp GeneratedFiles\Debug\moc_sendThread.cpp comport.cpp main.cpp receThread.cpp sendThread.cpp
         moc_comport.cpp
         moc_receThread.cpp
         moc_sendThread.cpp
         comport.cpp
         main.cpp
         receThread.cpp
         sendThread.cpp
         Generating Code...
       Link:
         F:\VS2013NEW\VC\bin\link.exe /ERRORREPORT:PROMPT /OUT:"F:\KinderRiven\comPort\Win32\Debug\\comPort.exe" /NOLOGO /LIBPATH:F:\QT\QT5.4.2_32\5.4\msvc2013\lib qtmaind.lib Qt5Cored.lib Qt5Guid.lib Qt5Multimediad.lib Qt5MultimediaWidgetsd.lib Qt5Widgetsd.lib Qt5SerialPort.lib kernel32.lib user32.lib gdi32.lib winspool.lib comdlg32.lib advapi32.lib shell32.lib ole32.lib oleaut32.lib uuid.lib odbc32.lib odbccp32.lib /MANIFEST /MANIFESTUAC:"level='asInvoker' uiAccess='false'" /manifest:embed /DEBUG /PDB:"F:\KinderRiven\comPort\Win32\Debug\comPort.pdb" /SUBSYSTEM:WINDOWS /TLBID:1 /DYNAMICBASE /NXCOMPAT /IMPLIB:"F:\KinderRiven\comPort\Win32\Debug\comPort.lib" /MACHINE:X86 /SAFESEH Debug\comport.obj
         Debug\moc_comport.obj
         Debug\moc_receThread.obj
         Debug\moc_sendThread.obj
         Debug\qrc_comport.obj
         Debug\main.obj
         Debug\receThread.obj
         Debug\sendThread.obj
         LINK : F:\KinderRiven\comPort\Win32\Debug\\comPort.exe not found or not built by the last incremental link; performing full link
         comPort.vcxproj -> F:\KinderRiven\comPort\Win32\Debug\comPort.exe
     1>Done Building Project "F:\KinderRiven\comPort\comPort\comPort.vcxproj" (Build target(s)).

Build succeeded.

Time Elapsed 00:00:10.55
